build/intermediates/manifest_merge_blame_file/debug/manifest-merger-blame-debug-report.txt
1<?xml version="1.0" encoding="utf-8"?>
2<manifest xmlns:android="http://schemas.android.com/apk/res/android"
3    package="com.greatbayco"
4    android:versionCode="1"
5    android:versionName="1.0" >
6
7    <uses-sdk
8        android:minSdkVersion="21"
8-->src\main\AndroidManifest.xml
9        android:targetSdkVersion="28" />
9-->src\main\AndroidManifest.xml
10
11    <uses-permission android:name="android.permission.INTERNET" />
11-->src\main\AndroidManifest.xml:4:5-66
11-->src\main\AndroidManifest.xml:4:22-64
12    <uses-permission android:name="android.permission.READ_EXTERNAL_STORAGE" />
12-->src\main\AndroidManifest.xml:5:5-79
12-->src\main\AndroidManifest.xml:5:22-77
13    <uses-permission android:name="android.permission.ACCESS_COARSE_LOCATION" />
13-->src\main\AndroidManifest.xml:6:5-80
13-->src\main\AndroidManifest.xml:6:22-78
14    <uses-permission android:name="android.permission.ACCESS_FINE_LOCATION" />
14-->src\main\AndroidManifest.xml:7:5-78
14-->src\main\AndroidManifest.xml:7:22-76
15    <uses-permission android:name="android.permission.CAMERA" />
15-->src\main\AndroidManifest.xml:8:5-64
15-->src\main\AndroidManifest.xml:8:22-62
16    <uses-permission android:name="android.permission.ACCESS_NETWORK_STATE" />
16-->src\main\AndroidManifest.xml:9:5-78
16-->src\main\AndroidManifest.xml:9:22-76
17    <uses-permission android:name="android.permission.READ_SMS" />
17-->src\main\AndroidManifest.xml:10:5-66
17-->src\main\AndroidManifest.xml:10:22-64
18    <uses-permission android:name="android.permission.WRITE_EXTERNAL_STORAGE" />
18-->src\main\AndroidManifest.xml:11:5-80
18-->src\main\AndroidManifest.xml:11:22-78
19    <uses-permission android:name="android.permission.READ_CALENDAR" />
19-->src\main\AndroidManifest.xml:12:5-71
19-->src\main\AndroidManifest.xml:12:22-69
20    <uses-permission android:name="android.permission.WRITE_CALENDAR" />
20-->src\main\AndroidManifest.xml:13:5-72
20-->src\main\AndroidManifest.xml:13:22-70
21    <uses-permission android:name="android.permission.USE_BIOMETRIC" />
21-->src\main\AndroidManifest.xml:14:5-71
21-->src\main\AndroidManifest.xml:14:22-69
22    <uses-permission android:name="com.google.android.gm.permission.WRITE_GMAIL" />
22-->src\main\AndroidManifest.xml:15:5-84
22-->src\main\AndroidManifest.xml:15:22-81
23    <uses-permission android:name="com.google.android.gm.permission.AUTO_SEND" />
23-->src\main\AndroidManifest.xml:16:5-82
23-->src\main\AndroidManifest.xml:16:22-79
24
25    <supports-screens
25-->[org.osmdroid:osmdroid-android:6.0.2] AndroidManifest.xml:11:5-14:40
26        android:anyDensity="true"
26-->[org.osmdroid:osmdroid-android:6.0.2] AndroidManifest.xml:12:9-34
27        android:largeScreens="true"
27-->[org.osmdroid:osmdroid-android:6.0.2] AndroidManifest.xml:13:9-36
28        android:normalScreens="true" />
28-->[org.osmdroid:osmdroid-android:6.0.2] AndroidManifest.xml:14:9-37
29
30    <uses-feature
30-->[org.osmdroid:osmdroid-android:6.0.2] AndroidManifest.xml:16:5-18:36
31        android:name="android.hardware.location.network"
31-->[org.osmdroid:osmdroid-android:6.0.2] AndroidManifest.xml:17:9-57
32        android:required="false" />
32-->[org.osmdroid:osmdroid-android:6.0.2] AndroidManifest.xml:18:9-33
33    <uses-feature
33-->[org.osmdroid:osmdroid-android:6.0.2] AndroidManifest.xml:19:5-21:36
34        android:name="android.hardware.location.gps"
34-->[org.osmdroid:osmdroid-android:6.0.2] AndroidManifest.xml:20:9-53
35        android:required="false" />
35-->[org.osmdroid:osmdroid-android:6.0.2] AndroidManifest.xml:21:9-33
36    <uses-feature
36-->[org.osmdroid:osmdroid-android:6.0.2] AndroidManifest.xml:22:5-24:36
37        android:name="android.hardware.telephony"
37-->[org.osmdroid:osmdroid-android:6.0.2] AndroidManifest.xml:23:9-50
38        android:required="false" />
38-->[org.osmdroid:osmdroid-android:6.0.2] AndroidManifest.xml:24:9-33
39    <uses-feature
39-->[org.osmdroid:osmdroid-android:6.0.2] AndroidManifest.xml:25:5-27:36
40        android:name="android.hardware.wifi"
40-->[org.osmdroid:osmdroid-android:6.0.2] AndroidManifest.xml:26:9-45
41        android:required="false" />
41-->[org.osmdroid:osmdroid-android:6.0.2] AndroidManifest.xml:27:9-33
42
43    <application
43-->src\main\AndroidManifest.xml:17:5-34:19
44        android:allowBackup="true"
44-->src\main\AndroidManifest.xml:18:9-35
45        android:appComponentFactory="androidx.core.app.CoreComponentFactory"
45-->[androidx.core:core:1.0.0] AndroidManifest.xml:22:18-86
46        android:debuggable="true"
47        android:icon="@mipmap/ic_launcher"
47-->src\main\AndroidManifest.xml:19:9-43
48        android:label="@string/app_name"
48-->src\main\AndroidManifest.xml:20:9-41
49        android:roundIcon="@mipmap/ic_launcher_round"
49-->src\main\AndroidManifest.xml:21:9-54
50        android:supportsRtl="true"
50-->src\main\AndroidManifest.xml:22:9-35
51        android:testOnly="true"
52        android:theme="@style/AppTheme" >
52-->src\main\AndroidManifest.xml:23:9-40
53        <activity
53-->src\main\AndroidManifest.xml:24:9-30:20
54            android:name="com.tutorgenie.messageportal.SplashActivity"
54-->src\main\AndroidManifest.xml:24:19-49
55            android:theme="@style/Theme.AppCompat.Light.NoActionBar" >
55-->src\main\AndroidManifest.xml:25:13-69
56            <intent-filter>
56-->src\main\AndroidManifest.xml:26:13-29:29
57                <action android:name="android.intent.action.MAIN" />
57-->src\main\AndroidManifest.xml:27:17-69
57-->src\main\AndroidManifest.xml:27:25-66
58
59                <category android:name="android.intent.category.LAUNCHER" />
59-->src\main\AndroidManifest.xml:28:17-77
59-->src\main\AndroidManifest.xml:28:27-74
60            </intent-filter>
61        </activity>
62        <activity
62-->src\main\AndroidManifest.xml:31:9-33:20
63            android:name="com.tutorgenie.messageportal.MainActivity"
63-->src\main\AndroidManifest.xml:31:19-47
64            android:theme="@style/Theme.AppCompat.Light.NoActionBar" >
64-->src\main\AndroidManifest.xml:32:13-69
65        </activity>
66        <activity
66-->[com.facebook.android:facebook-common:5.4.0] AndroidManifest.xml:29:9-32:66
67            android:name="com.facebook.FacebookActivity"
67-->[com.facebook.android:facebook-common:5.4.0] AndroidManifest.xml:30:13-57
68            android:configChanges="keyboard|keyboardHidden|screenLayout|screenSize|orientation"
68-->[com.facebook.android:facebook-common:5.4.0] AndroidManifest.xml:31:13-96
69            android:theme="@style/com_facebook_activity_theme" />
69-->[com.facebook.android:facebook-common:5.4.0] AndroidManifest.xml:32:13-63
70        <activity android:name="com.facebook.CustomTabMainActivity" />
70-->[com.facebook.android:facebook-common:5.4.0] AndroidManifest.xml:33:9-71
70-->[com.facebook.android:facebook-common:5.4.0] AndroidManifest.xml:33:19-68
71        <activity android:name="com.facebook.CustomTabActivity" />
71-->[com.facebook.android:facebook-common:5.4.0] AndroidManifest.xml:34:9-67
71-->[com.facebook.android:facebook-common:5.4.0] AndroidManifest.xml:34:19-64
72        <!--
73         The initialization ContentProvider will call FacebookSdk.sdkInitialize automatically
74         with the application context. This config is merged in with the host app's manifest,
75         but there can only be one provider with the same authority activated at any given
76         point; so if the end user has two or more different apps that use Facebook SDK, only the
77         first one will be able to use the provider. To work around this problem, we use the
78         following placeholder in the authority to identify each host application as if it was
79         a completely different provider.
80        -->
81        <provider
81-->[com.facebook.android:facebook-core:5.4.0] AndroidManifest.xml:39:9-42:40
82            android:name="com.facebook.internal.FacebookInitProvider"
82-->[com.facebook.android:facebook-core:5.4.0] AndroidManifest.xml:40:13-70
83            android:authorities="com.greatbayco.FacebookInitProvider"
83-->[com.facebook.android:facebook-core:5.4.0] AndroidManifest.xml:41:13-72
84            android:exported="false" />
84-->[com.facebook.android:facebook-core:5.4.0] AndroidManifest.xml:42:13-37
85
86        <receiver
86-->[com.facebook.android:facebook-core:5.4.0] AndroidManifest.xml:44:9-50:20
87            android:name="com.facebook.CurrentAccessTokenExpirationBroadcastReceiver"
87-->[com.facebook.android:facebook-core:5.4.0] AndroidManifest.xml:45:13-86
88            android:exported="false" >
88-->[com.facebook.android:facebook-core:5.4.0] AndroidManifest.xml:46:13-37
89            <intent-filter>
89-->[com.facebook.android:facebook-core:5.4.0] AndroidManifest.xml:47:13-49:29
90                <action android:name="com.facebook.sdk.ACTION_CURRENT_ACCESS_TOKEN_CHANGED" />
90-->[com.facebook.android:facebook-core:5.4.0] AndroidManifest.xml:48:17-95
90-->[com.facebook.android:facebook-core:5.4.0] AndroidManifest.xml:48:25-92
91            </intent-filter>
92        </receiver>
93        <receiver
93-->[com.facebook.android:facebook-core:5.4.0] AndroidManifest.xml:51:9-58:20
94            android:name="com.facebook.CampaignTrackingReceiver"
94-->[com.facebook.android:facebook-core:5.4.0] AndroidManifest.xml:52:13-65
95            android:exported="true"
95-->[com.facebook.android:facebook-core:5.4.0] AndroidManifest.xml:53:13-36
96            android:permission="android.permission.INSTALL_PACKAGES" >
96-->[com.facebook.android:facebook-core:5.4.0] AndroidManifest.xml:54:13-69
97            <intent-filter>
97-->[com.facebook.android:facebook-core:5.4.0] AndroidManifest.xml:55:13-57:29
98                <action android:name="com.android.vending.INSTALL_REFERRER" />
98-->[com.facebook.android:facebook-core:5.4.0] AndroidManifest.xml:56:17-79
98-->[com.facebook.android:facebook-core:5.4.0] AndroidManifest.xml:56:25-76
99            </intent-filter>
100        </receiver>
101    </application>
102
103</manifest>